<?xml version="1.0" encoding="UTF-8"?>
<testng-results skipped="0" failed="0" total="0" passed="0">
  <reporter-output>
  </reporter-output>
  <suite name="com.accenture.testscripts.TestMeScripts.AppTest" duration-ms="5" started-at="2017-01-23T10:36:57Z" finished-at="2017-01-23T10:36:57Z">
    <groups>
    </groups>
    <test name="Command line test" duration-ms="5" started-at="2017-01-23T10:36:57Z" finished-at="2017-01-23T10:36:57Z">
    </test> <!-- Command line test -->
  </suite> <!-- com.accenture.testscripts.TestMeScripts.AppTest -->
</testng-results>
